This is pdfTeX, Version 3.141592653-2.6-1.40.24 (TeX Live 2022) (preloaded format=pdflatex 2023.2.8)  2 JUN 2023 20:38
entering extended mode
 restricted \write18 enabled.
 file:line:error style messages enabled.
 %&-line parsing enabled.
**main.tex
(./main.tex
LaTeX2e <2021-11-15> patch level 1
L3 programming layer <2022-02-24> (/usr/local/texlive/2022/texmf-dist/tex/latex/base/report.cls
Document Class: report 2021/10/04 v1.4n Standard LaTeX document class
(/usr/local/texlive/2022/texmf-dist/tex/latex/base/size10.clo
File: size10.clo 2021/10/04 v1.4n Standard LaTeX file (size option)
)
\c@part=\count185
\c@chapter=\count186
\c@section=\count187
\c@subsection=\count188
\c@subsubsection=\count189
\c@paragraph=\count190
\c@subparagraph=\count191
\c@figure=\count192
\c@table=\count193
\abovecaptionskip=\skip47
\belowcaptionskip=\skip48
\bibindent=\dimen138
) (/usr/local/texlive/2022/texmf-dist/tex/latex/listings/listings.sty (/usr/local/texlive/2022/texmf-dist/tex/latex/graphics/keyval.sty
Package: keyval 2014/10/28 v1.15 key=value parser (DPC)
\KV@toks@=\toks16
)
\lst@mode=\count194
\lst@gtempboxa=\box50
\lst@token=\toks17
\lst@length=\count195
\lst@currlwidth=\dimen139
\lst@column=\count196
\lst@pos=\count197
\lst@lostspace=\dimen140
\lst@width=\dimen141
\lst@newlines=\count198
\lst@lineno=\count199
\lst@maxwidth=\dimen142
 (/usr/local/texlive/2022/texmf-dist/tex/latex/listings/lstmisc.sty
File: lstmisc.sty 2020/03/24 1.8d (Carsten Heinz)
\c@lstnumber=\count266
\lst@skipnumbers=\count267
\lst@framebox=\box51
) (/usr/local/texlive/2022/texmf-dist/tex/latex/listings/listings.cfg
File: listings.cfg 2020/03/24 1.8d listings configuration
))
Package: listings 2020/03/24 1.8d (Carsten Heinz)
 (/usr/local/texlive/2022/texmf-dist/tex/latex/xcolor/xcolor.sty
Package: xcolor 2021/10/31 v2.13 LaTeX color extensions (UK)
 (/usr/local/texlive/2022/texmf-dist/tex/latex/graphics-cfg/color.cfg
File: color.cfg 2016/01/02 v1.6 sample color configuration
)
Package xcolor Info: Driver file: pdftex.def on input line 227.
 (/usr/local/texlive/2022/texmf-dist/tex/latex/graphics-def/pdftex.def
File: pdftex.def 2020/10/05 v1.2a Graphics/color driver for pdftex
)
Package xcolor Info: Model `cmy' substituted by `cmy0' on input line 1352.
Package xcolor Info: Model `hsb' substituted by `rgb' on input line 1356.
Package xcolor Info: Model `RGB' extended on input line 1368.
Package xcolor Info: Model `HTML' substituted by `rgb' on input line 1370.
Package xcolor Info: Model `Hsb' substituted by `hsb' on input line 1371.
Package xcolor Info: Model `tHsb' substituted by `hsb' on input line 1372.
Package xcolor Info: Model `HSB' substituted by `hsb' on input line 1373.
Package xcolor Info: Model `Gray' substituted by `gray' on input line 1374.
Package xcolor Info: Model `wave' substituted by `hsb' on input line 1375.
) (/usr/local/texlive/2022/texmf-dist/tex/latex/base/inputenc.sty
Package: inputenc 2021/02/14 v1.3d Input encoding file
\inpenc@prehook=\toks18
\inpenc@posthook=\toks19
) (/usr/local/texlive/2022/texmf-dist/tex/generic/babel/babel.sty
Package: babel 2022/02/26 3.73 The Babel package
\babel@savecnt=\count268
\U@D=\dimen143
\l@unhyphenated=\language87
 (/usr/local/texlive/2022/texmf-dist/tex/generic/babel/txtbabel.def)
\bbl@readstream=\read2
\bbl@dirlevel=\count269
 (/usr/local/texlive/2022/texmf-dist/tex/generic/babel-spanish/spanish.ldf
Language: spanish.ldf 2021/05/27 v5.0q Spanish support from the babel system
\es@quottoks=\toks20
\es@quotdepth=\count270
Package babel Info: Making " an active character on input line 570.
Package babel Info: Making . an active character on input line 675.
Package babel Info: Making < an active character on input line 722.
Package babel Info: Making > an active character on input line 722.
)) (/usr/local/texlive/2022/texmf-dist/tex/latex/graphics/graphicx.sty
Package: graphicx 2021/09/16 v1.2d Enhanced LaTeX Graphics (DPC,SPQR)
 (/usr/local/texlive/2022/texmf-dist/tex/latex/graphics/graphics.sty
Package: graphics 2021/03/04 v1.4d Standard LaTeX Graphics (DPC,SPQR)
 (/usr/local/texlive/2022/texmf-dist/tex/latex/graphics/trig.sty
Package: trig 2021/08/11 v1.11 sin cos tan (DPC)
) (/usr/local/texlive/2022/texmf-dist/tex/latex/graphics-cfg/graphics.cfg
File: graphics.cfg 2016/06/04 v1.11 sample graphics configuration
)
Package graphics Info: Driver file: pdftex.def on input line 107.
)
\Gin@req@height=\dimen144
\Gin@req@width=\dimen145
) (/usr/local/texlive/2022/texmf-dist/tex/latex/amsmath/amsmath.sty
Package: amsmath 2021/10/15 v2.17l AMS math features
\@mathmargin=\skip49

For additional information on amsmath, use the `?' option.
(/usr/local/texlive/2022/texmf-dist/tex/latex/amsmath/amstext.sty
Package: amstext 2021/08/26 v2.01 AMS text
 (/usr/local/texlive/2022/texmf-dist/tex/latex/amsmath/amsgen.sty
File: amsgen.sty 1999/11/30 v2.0 generic functions
\@emptytoks=\toks21
\ex@=\dimen146
)) (/usr/local/texlive/2022/texmf-dist/tex/latex/amsmath/amsbsy.sty
Package: amsbsy 1999/11/29 v1.2d Bold Symbols
\pmbraise@=\dimen147
) (/usr/local/texlive/2022/texmf-dist/tex/latex/amsmath/amsopn.sty
Package: amsopn 2021/08/26 v2.02 operator names
)
\inf@bad=\count271
LaTeX Info: Redefining \frac on input line 234.
\uproot@=\count272
\leftroot@=\count273
LaTeX Info: Redefining \overline on input line 399.
\classnum@=\count274
\DOTSCASE@=\count275
LaTeX Info: Redefining \ldots on input line 496.
LaTeX Info: Redefining \dots on input line 499.
LaTeX Info: Redefining \cdots on input line 620.
\Mathstrutbox@=\box52
\strutbox@=\box53
\big@size=\dimen148
LaTeX Font Info:    Redeclaring font encoding OML on input line 743.
LaTeX Font Info:    Redeclaring font encoding OMS on input line 744.
\macc@depth=\count276
\c@MaxMatrixCols=\count277
\dotsspace@=\muskip16
\c@parentequation=\count278
\dspbrk@lvl=\count279
\tag@help=\toks22
\row@=\count280
\column@=\count281
\maxfields@=\count282
\andhelp@=\toks23
\eqnshift@=\dimen149
\alignsep@=\dimen150
\tagshift@=\dimen151
\tagwidth@=\dimen152
\totwidth@=\dimen153
\lineht@=\dimen154
\@envbody=\toks24
\multlinegap=\skip50
\multlinetaggap=\skip51
\mathdisplay@stack=\toks25
LaTeX Info: Redefining \[ on input line 2938.
LaTeX Info: Redefining \] on input line 2939.
) (/usr/local/texlive/2022/texmf-dist/tex/latex/amsfonts/amssymb.sty
Package: amssymb 2013/01/14 v3.01 AMS font symbols
 (/usr/local/texlive/2022/texmf-dist/tex/latex/amsfonts/amsfonts.sty
Package: amsfonts 2013/01/14 v3.01 Basic AMSFonts support
\symAMSa=\mathgroup4
\symAMSb=\mathgroup5
LaTeX Font Info:    Redeclaring math symbol \hbar on input line 98.
LaTeX Font Info:    Overwriting math alphabet `\mathfrak' in version `bold'
(Font)                  U/euf/m/n --> U/euf/b/n on input line 106.
)) (/usr/local/texlive/2022/texmf-dist/tex/latex/lipsum/lipsum.sty (/usr/local/texlive/2022/texmf-dist/tex/latex/l3packages/l3keys2e/l3keys2e.sty (/usr/local/texlive/2022/texmf-dist/tex/latex/l3kernel/expl3.sty
Package: expl3 2022-02-24 L3 programming layer (loader) 
 (/usr/local/texlive/2022/texmf-dist/tex/latex/l3backend/l3backend-pdftex.def
File: l3backend-pdftex.def 2022-02-07 L3 backend support: PDF output (pdfTeX)
\l__color_backend_stack_int=\count283
\l__pdf_internal_box=\box54
))
Package: l3keys2e 2022-01-12 LaTeX2e option processing using LaTeX3 keys
)
Package: lipsum 2021-09-20 v2.7 150 paragraphs of Lorem Ipsum dummy text
\g__lipsum_par_int=\count284
\l__lipsum_a_int=\count285
\l__lipsum_b_int=\count286
 (/usr/local/texlive/2022/texmf-dist/tex/latex/lipsum/lipsum.ltd.tex)) (/usr/local/texlive/2022/texmf-dist/tex/latex/geometry/geometry.sty
Package: geometry 2020/01/02 v5.9 Page Geometry
 (/usr/local/texlive/2022/texmf-dist/tex/generic/iftex/ifvtex.sty
Package: ifvtex 2019/10/25 v1.7 ifvtex legacy package. Use iftex instead.
 (/usr/local/texlive/2022/texmf-dist/tex/generic/iftex/iftex.sty
Package: iftex 2022/02/03 v1.0f TeX engine tests
))
\Gm@cnth=\count287
\Gm@cntv=\count288
\c@Gm@tempcnt=\count289
\Gm@bindingoffset=\dimen155
\Gm@wd@mp=\dimen156
\Gm@odd@mp=\dimen157
\Gm@even@mp=\dimen158
\Gm@layoutwidth=\dimen159
\Gm@layoutheight=\dimen160
\Gm@layouthoffset=\dimen161
\Gm@layoutvoffset=\dimen162
\Gm@dimlist=\toks26
) (/usr/local/texlive/2022/texmf-dist/tex/latex/hyperref/hyperref.sty
Package: hyperref 2022-02-21 v7.00n Hypertext links for LaTeX
 (/usr/local/texlive/2022/texmf-dist/tex/generic/ltxcmds/ltxcmds.sty
Package: ltxcmds 2020-05-10 v1.25 LaTeX kernel commands for general use (HO)
) (/usr/local/texlive/2022/texmf-dist/tex/generic/pdftexcmds/pdftexcmds.sty
Package: pdftexcmds 2020-06-27 v0.33 Utility functions of pdfTeX for LuaTeX (HO)
 (/usr/local/texlive/2022/texmf-dist/tex/generic/infwarerr/infwarerr.sty
Package: infwarerr 2019/12/03 v1.5 Providing info/warning/error messages (HO)
)
Package pdftexcmds Info: \pdf@primitive is available.
Package pdftexcmds Info: \pdf@ifprimitive is available.
Package pdftexcmds Info: \pdfdraftmode found.
) (/usr/local/texlive/2022/texmf-dist/tex/generic/kvsetkeys/kvsetkeys.sty
Package: kvsetkeys 2019/12/15 v1.18 Key value parser (HO)
) (/usr/local/texlive/2022/texmf-dist/tex/generic/kvdefinekeys/kvdefinekeys.sty
Package: kvdefinekeys 2019-12-19 v1.6 Define keys (HO)
) (/usr/local/texlive/2022/texmf-dist/tex/generic/pdfescape/pdfescape.sty
Package: pdfescape 2019/12/09 v1.15 Implements pdfTeX's escape features (HO)
) (/usr/local/texlive/2022/texmf-dist/tex/latex/hycolor/hycolor.sty
Package: hycolor 2020-01-27 v1.10 Color options for hyperref/bookmark (HO)
) (/usr/local/texlive/2022/texmf-dist/tex/latex/letltxmacro/letltxmacro.sty
Package: letltxmacro 2019/12/03 v1.6 Let assignment for LaTeX macros (HO)
) (/usr/local/texlive/2022/texmf-dist/tex/latex/auxhook/auxhook.sty
Package: auxhook 2019-12-17 v1.6 Hooks for auxiliary files (HO)
) (/usr/local/texlive/2022/texmf-dist/tex/latex/kvoptions/kvoptions.sty
Package: kvoptions 2020-10-07 v3.14 Key value format for package options (HO)
)
\@linkdim=\dimen163
\Hy@linkcounter=\count290
\Hy@pagecounter=\count291
 (/usr/local/texlive/2022/texmf-dist/tex/latex/hyperref/pd1enc.def
File: pd1enc.def 2022-02-21 v7.00n Hyperref: PDFDocEncoding definition (HO)
Now handling font encoding PD1 ...
... no UTF-8 mapping file for font encoding PD1
) (/usr/local/texlive/2022/texmf-dist/tex/generic/intcalc/intcalc.sty
Package: intcalc 2019/12/15 v1.3 Expandable calculations with integers (HO)
) (/usr/local/texlive/2022/texmf-dist/tex/generic/etexcmds/etexcmds.sty
Package: etexcmds 2019/12/15 v1.7 Avoid name clashes with e-TeX commands (HO)
)
\Hy@SavedSpaceFactor=\count292

(/usr/local/texlive/2022/texmf-dist/tex/latex/hyperref/puenc.def
File: puenc.def 2022-02-21 v7.00n Hyperref: PDF Unicode definition (HO)
Now handling font encoding PU ...
... no UTF-8 mapping file for font encoding PU
)
Package hyperref Info: Option `hypertexnames' set `false' on input line 4018.
Package hyperref Info: Hyper figures OFF on input line 4137.
Package hyperref Info: Link nesting OFF on input line 4142.
Package hyperref Info: Hyper index ON on input line 4145.
Package hyperref Info: Plain pages OFF on input line 4152.
Package hyperref Info: Backreferencing OFF on input line 4157.
Package hyperref Info: Implicit mode ON; LaTeX internals redefined.
Package hyperref Info: Bookmarks ON on input line 4390.
\c@Hy@tempcnt=\count293
 (/usr/local/texlive/2022/texmf-dist/tex/latex/url/url.sty
\Urlmuskip=\muskip17
Package: url 2013/09/16  ver 3.4  Verb mode for urls, etc.
)
LaTeX Info: Redefining \url on input line 4749.
\XeTeXLinkMargin=\dimen164
 (/usr/local/texlive/2022/texmf-dist/tex/generic/bitset/bitset.sty
Package: bitset 2019/12/09 v1.3 Handle bit-vector datatype (HO)
 (/usr/local/texlive/2022/texmf-dist/tex/generic/bigintcalc/bigintcalc.sty
Package: bigintcalc 2019/12/15 v1.5 Expandable calculations on big integers (HO)
))
\Fld@menulength=\count294
\Field@Width=\dimen165
\Fld@charsize=\dimen166
Package hyperref Info: Hyper figures OFF on input line 6027.
Package hyperref Info: Link nesting OFF on input line 6032.
Package hyperref Info: Hyper index ON on input line 6035.
Package hyperref Info: backreferencing OFF on input line 6042.
Package hyperref Info: Link coloring OFF on input line 6047.
Package hyperref Info: Link coloring with OCG OFF on input line 6052.
Package hyperref Info: PDF/A mode OFF on input line 6057.
LaTeX Info: Redefining \ref on input line 6097.
LaTeX Info: Redefining \pageref on input line 6101.
 (/usr/local/texlive/2022/texmf-dist/tex/latex/base/atbegshi-ltx.sty
Package: atbegshi-ltx 2021/01/10 v1.0c Emulation of the original atbegshi
package with kernel methods
)
\Hy@abspage=\count295
\c@Item=\count296
\c@Hfootnote=\count297
)
Package hyperref Info: Driver (autodetected): hpdftex.
 (/usr/local/texlive/2022/texmf-dist/tex/latex/hyperref/hpdftex.def
File: hpdftex.def 2022-02-21 v7.00n Hyperref driver for pdfTeX
 (/usr/local/texlive/2022/texmf-dist/tex/latex/base/atveryend-ltx.sty
Package: atveryend-ltx 2020/08/19 v1.0a Emulation of the original atveryend package
with kernel methods
)
\Fld@listcount=\count298
\c@bookmark@seq@number=\count299
 (/usr/local/texlive/2022/texmf-dist/tex/latex/rerunfilecheck/rerunfilecheck.sty
Package: rerunfilecheck 2019/12/05 v1.9 Rerun checks for auxiliary files (HO)
 (/usr/local/texlive/2022/texmf-dist/tex/generic/uniquecounter/uniquecounter.sty
Package: uniquecounter 2019/12/15 v1.4 Provide unlimited unique counter (HO)
)
Package uniquecounter Info: New unique counter `rerunfilecheck' on input line 286.
)
\Hy@SectionHShift=\skip52
) (/usr/local/texlive/2022/texmf-dist/tex/latex/titlesec/titlesec.sty
Package: titlesec 2021/07/05 v2.14 Sectioning titles
\ttl@box=\box55
\beforetitleunit=\skip53
\aftertitleunit=\skip54
\ttl@plus=\dimen167
\ttl@minus=\dimen168
\ttl@toksa=\toks27
\titlewidth=\dimen169
\titlewidthlast=\dimen170
\titlewidthfirst=\dimen171
) (./main.aux (./caratula.aux)
LaTeX Info: Redefining \. on input line 26.
LaTeX Info: Redefining \% on input line 26.
)
\openout1 = `main.aux'.

LaTeX Font Info:    Checking defaults for OML/cmm/m/it on input line 35.
LaTeX Font Info:    ... okay on input line 35.
LaTeX Font Info:    Checking defaults for OMS/cmsy/m/n on input line 35.
LaTeX Font Info:    ... okay on input line 35.
LaTeX Font Info:    Checking defaults for OT1/cmr/m/n on input line 35.
LaTeX Font Info:    ... okay on input line 35.
LaTeX Font Info:    Checking defaults for T1/cmr/m/n on input line 35.
LaTeX Font Info:    ... okay on input line 35.
LaTeX Font Info:    Checking defaults for TS1/cmr/m/n on input line 35.
LaTeX Font Info:    ... okay on input line 35.
LaTeX Font Info:    Checking defaults for OMX/cmex/m/n on input line 35.
LaTeX Font Info:    ... okay on input line 35.
LaTeX Font Info:    Checking defaults for U/cmr/m/n on input line 35.
LaTeX Font Info:    ... okay on input line 35.
LaTeX Font Info:    Checking defaults for PD1/pdf/m/n on input line 35.
LaTeX Font Info:    ... okay on input line 35.
LaTeX Font Info:    Checking defaults for PU/pdf/m/n on input line 35.
LaTeX Font Info:    ... okay on input line 35.
\c@lstlisting=\count300
 (/usr/local/texlive/2022/texmf-dist/tex/context/base/mkii/supp-pdf.mkii
[Loading MPS to PDF converter (version 2006.09.02).]
\scratchcounter=\count301
\scratchdimen=\dimen172
\scratchbox=\box56
\nofMPsegments=\count302
\nofMParguments=\count303
\everyMPshowfont=\toks28
\MPscratchCnt=\count304
\MPscratchDim=\dimen173
\MPnumerator=\count305
\makeMPintoPDFobject=\count306
\everyMPtoPDFconversion=\toks29
) (/usr/local/texlive/2022/texmf-dist/tex/latex/epstopdf-pkg/epstopdf-base.sty
Package: epstopdf-base 2020-01-24 v2.11 Base part for package epstopdf
Package epstopdf-base Info: Redefining graphics rule for `.eps' on input line 485.
 (/usr/local/texlive/2022/texmf-dist/tex/latex/latexconfig/epstopdf-sys.cfg
File: epstopdf-sys.cfg 2010/07/13 v1.3 Configuration of (r)epstopdf for TeX Live
))
LaTeX Info: Redefining \. on input line 35.
LaTeX Info: Redefining \% on input line 35.

*geometry* driver: auto-detecting
*geometry* detected driver: pdftex
*geometry* verbose mode - [ preamble ] result:
* driver: pdftex
* paper: a4paper
* layout: <same size as paper>
* layoutoffset:(h,v)=(0.0pt,0.0pt)
* modes: 
* h-part:(L,W,R)=(72.2698pt, 452.96826pt, 72.2698pt)
* v-part:(T,H,B)=(72.2698pt, 700.50723pt, 72.2698pt)
* \paperwidth=597.50787pt
* \paperheight=845.04684pt
* \textwidth=452.96826pt
* \textheight=700.50723pt
* \oddsidemargin=-0.00018pt
* \evensidemargin=-0.00018pt
* \topmargin=-37.00018pt
* \headheight=12.0pt
* \headsep=25.0pt
* \topskip=10.0pt
* \footskip=30.0pt
* \marginparwidth=57.0pt
* \marginparsep=11.0pt
* \columnsep=10.0pt
* \skip\footins=9.0pt plus 4.0pt minus 2.0pt
* \hoffset=0.0pt
* \voffset=0.0pt
* \mag=1000
* \@twocolumnfalse
* \@twosidefalse
* \@mparswitchfalse
* \@reversemarginfalse
* (1in=72.27pt=25.4mm, 1cm=28.453pt)

Package hyperref Info: Link coloring OFF on input line 35.
(/usr/local/texlive/2022/texmf-dist/tex/latex/hyperref/nameref.sty
Package: nameref 2021-04-02 v2.47 Cross-referencing by name of section
 (/usr/local/texlive/2022/texmf-dist/tex/latex/refcount/refcount.sty
Package: refcount 2019/12/15 v3.6 Data extraction from label references (HO)
) (/usr/local/texlive/2022/texmf-dist/tex/generic/gettitlestring/gettitlestring.sty
Package: gettitlestring 2019/12/15 v1.6 Cleanup title references (HO)
)
\c@section@level=\count307
)
LaTeX Info: Redefining \ref on input line 35.
LaTeX Info: Redefining \pageref on input line 35.
LaTeX Info: Redefining \nameref on input line 35.
 (./main.out) (./main.out)
\@outlinefile=\write3
\openout3 = `main.out'.

\openout2 = `caratula.aux'.

 (./caratula.tex)
LaTeX Font Info:    Trying to load font information for U+msa on input line 38.
 (/usr/local/texlive/2022/texmf-dist/tex/latex/amsfonts/umsa.fd
File: umsa.fd 2013/01/14 v3.01 AMS symbols A
)
LaTeX Font Info:    Trying to load font information for U+msb on input line 38.
 (/usr/local/texlive/2022/texmf-dist/tex/latex/amsfonts/umsb.fd
File: umsb.fd 2013/01/14 v3.01 AMS symbols B
) [1




{/usr/local/texlive/2022/texmf-var/fonts/map/pdftex/updmap/pdftex.map}] (./main.toc
LaTeX Info: Redefining \. on input line 1.
LaTeX Info: Redefining \% on input line 1.
)
\tf@toc=\write4
\openout4 = `main.toc'.

 [1

]
Cap\'{\i }tulo 1.
[2

] [3]

LaTeX Warning: `h' float specifier changed to `ht'.

[4] [5] [6]
Cap\'{\i }tulo 2.
[7

] [8]
Overfull \hbox (13.77913pt too wide) in paragraph at lines 471--473
[]\OT1/cmr/m/n/10 Especificaciones: Es una en-ti-dad d^^Sebil de al-mac^^Sen, el cual po-see una lla-ve par-cial: al-mac^^Sen[]destino. 
 []

[9] [10]
Cap\'{\i }tulo 3.
Package hyperref Info: bookmark level for unknown lstlisting defaults to 0 on input line 568.
(./mR.txt

./mR.txt:51: LaTeX Error: Invalid UTF-8 byte sequence (√\expandafter).

See the LaTeX manual or LaTeX Companion for explanation.
Type  H <return>  for immediate help.
 ...                                              
                                                  
l.51 ...enero(__Empleado.dni__ : bigInt, almac√©n.
                                                  nro : int)
The document does not appear to be in UTF-8 encoding.
Try adding \UseRawInputEncoding as the first line of the file
or specify an encoding such as \usepackage [latin1]{inputenc}
in the document preamble.
Alternatively, save the file in UTF-8 using your editor or another tool


./mR.txt:51: LaTeX Error: Invalid UTF-8 byte "A9.

See the LaTeX manual or LaTeX Companion for explanation.
Type  H <return>  for immediate help.
 ...                                              
                                                  
l.51 ...enero(__Empleado.dni__ : bigInt, almac√©n.
                                                  nro : int)
The document does not appear to be in UTF-8 encoding.
Try adding \UseRawInputEncoding as the first line of the file
or specify an encoding such as \usepackage [latin1]{inputenc}
in the document preamble.
Alternatively, save the file in UTF-8 using your editor or another tool

[11

]
Overfull \hbox (3.03638pt too wide) in paragraph at lines 76--78
[][][][][][][][][][][][][][][][][][][][][][][][][][][][][] 
 []

) [12] [13]
Overfull \hbox (2.64854pt too wide) in paragraph at lines 682--682
[]\OT1/cmr/bx/n/10 PK| 
 []


Overfull \hbox (2.02354pt too wide) in paragraph at lines 683--683
[]\OT1/cmr/bx/n/10 FK| 
 []


Underfull \hbox (badness 4266) in paragraph at lines 688--689
[]\OT1/cmr/m/n/10 Correo electr^^Soni-co
 []


Underfull \hbox (badness 7925) in paragraph at lines 690--691
[]\OT1/cmr/m/n/10 Raz^^Son so-cial del
 []


Underfull \hbox (badness 10000) in paragraph at lines 692--693
[]\OT1/cmr/m/n/10 Contrase~na del
 []


Overfull \hbox (2.64854pt too wide) in paragraph at lines 707--707
[]\OT1/cmr/bx/n/10 PK| 
 []


Overfull \hbox (2.02354pt too wide) in paragraph at lines 708--708
[]\OT1/cmr/bx/n/10 FK| 
 []


Underfull \hbox (badness 1057) in paragraph at lines 711--712
[]\OT1/cmr/m/n/10 Identificador ^^Suni-co
 []


Underfull \hbox (badness 1496) in paragraph at lines 715--716
[]\OT1/cmr/m/n/10 Documento Na-cio-
 []


Underfull \hbox (badness 1509) in paragraph at lines 717--718
[]\OT1/cmr/m/n/10 Fecha de crea-ci^^Son
 []


LaTeX Warning: `h' float specifier changed to `ht'.


Overfull \hbox (2.64854pt too wide) in paragraph at lines 730--730
[]\OT1/cmr/bx/n/10 PK| 
 []


Overfull \hbox (2.02354pt too wide) in paragraph at lines 730--730
[]\OT1/cmr/bx/n/10 FK| 
 []


Underfull \hbox (badness 1057) in paragraph at lines 732--733
[]\OT1/cmr/m/n/10 Identificador ^^Suni-co
 []


Underfull \hbox (badness 1057) in paragraph at lines 734--735
[]\OT1/cmr/m/n/10 Identificador ^^Suni-co
 []


Overfull \hbox (7.37656pt too wide) in paragraph at lines 738--738
[]\OT1/cmr/m/n/10 varchar(32)| 
 []


Underfull \hbox (badness 10000) in paragraph at lines 738--739
[]\OT1/cmr/m/n/10 M^^Seto-do de pa-
 []


Underfull \hbox (badness 4981) in paragraph at lines 738--739
\OT1/cmr/m/n/10 go uti-li-za-do (por
 []


LaTeX Warning: `h' float specifier changed to `ht'.


Overfull \hbox (2.64854pt too wide) in paragraph at lines 748--748
[]\OT1/cmr/bx/n/10 PK| 
 []


Overfull \hbox (2.02354pt too wide) in paragraph at lines 748--748
[]\OT1/cmr/bx/n/10 FK| 
 []


Underfull \hbox (badness 1057) in paragraph at lines 750--751
[]\OT1/cmr/m/n/10 Identificador ^^Suni-co
 []


Underfull \hbox (badness 1057) in paragraph at lines 752--753
[]\OT1/cmr/m/n/10 Identificador ^^Suni-co
 []


Underfull \hbox (badness 1057) in paragraph at lines 754--755
[]\OT1/cmr/m/n/10 Identificador ^^Suni-co
 []


LaTeX Warning: `h' float specifier changed to `ht'.


Overfull \hbox (2.64854pt too wide) in paragraph at lines 764--764
[]\OT1/cmr/bx/n/10 PK| 
 []


Overfull \hbox (2.02354pt too wide) in paragraph at lines 764--764
[]\OT1/cmr/bx/n/10 FK| 
 []


Underfull \hbox (badness 1057) in paragraph at lines 768--769
[]\OT1/cmr/m/n/10 Identificador ^^Suni-co
 []


Underfull \hbox (badness 3803) in paragraph at lines 770--771
[]\OT1/cmr/m/n/10 Fecha en que se
 []


LaTeX Warning: `h' float specifier changed to `ht'.


Overfull \hbox (2.64854pt too wide) in paragraph at lines 780--780
[]\OT1/cmr/bx/n/10 PK| 
 []


Overfull \hbox (2.02354pt too wide) in paragraph at lines 780--780
[]\OT1/cmr/bx/n/10 FK| 
 []


Underfull \hbox (badness 1057) in paragraph at lines 782--783
[]\OT1/cmr/m/n/10 Identificador ^^Suni-co
 []


Underfull \hbox (badness 1281) in paragraph at lines 788--789
[]\OT1/cmr/m/n/10 Nombre del fa-bri-
 []


LaTeX Warning: `h' float specifier changed to `ht'.


Overfull \hbox (2.64854pt too wide) in paragraph at lines 798--798
[]\OT1/cmr/bx/n/10 PK| 
 []


Underfull \hbox (badness 1057) in paragraph at lines 800--801
[]\OT1/cmr/m/n/10 Identificador ^^Suni-co
 []


LaTeX Warning: `h' float specifier changed to `ht'.


Overfull \hbox (2.64854pt too wide) in paragraph at lines 818--818
[]\OT1/cmr/bx/n/10 PK| 
 []


Overfull \hbox (2.02354pt too wide) in paragraph at lines 819--819
[]\OT1/cmr/bx/n/10 FK| 
 []


Underfull \hbox (badness 1281) in paragraph at lines 822--823
[]\OT1/cmr/m/n/10 Nombre del fa-bri-
 []


Underfull \hbox (badness 1292) in paragraph at lines 826--827
\OT1/cmr/m/n/10 electr^^Soni-co del fa-
 []


LaTeX Warning: `h' float specifier changed to `ht'.


Overfull \hbox (2.64854pt too wide) in paragraph at lines 836--836
[]\OT1/cmr/bx/n/10 PK| 
 []


Overfull \hbox (2.02354pt too wide) in paragraph at lines 836--836
[]\OT1/cmr/bx/n/10 FK| 
 []


Underfull \hbox (badness 1057) in paragraph at lines 838--839
[]\OT1/cmr/m/n/10 Identificador ^^Suni-co
 []


Underfull \hbox (badness 10000) in paragraph at lines 842--843
[]\OT1/cmr/m/n/10 Descripci^^Son de-ta-
 []


LaTeX Warning: `h' float specifier changed to `ht'.


Overfull \hbox (2.64854pt too wide) in paragraph at lines 852--852
[]\OT1/cmr/bx/n/10 PK| 
 []


Overfull \hbox (2.02354pt too wide) in paragraph at lines 852--852
[]\OT1/cmr/bx/n/10 FK| 
 []


Underfull \hbox (badness 7081) in paragraph at lines 856--857
[]\OT1/cmr/m/n/10 Direcci^^Son del al-
 []


LaTeX Warning: `h' float specifier changed to `ht'.


Overfull \hbox (2.64854pt too wide) in paragraph at lines 866--866
[]\OT1/cmr/bx/n/10 PK| 
 []


Overfull \hbox (2.02354pt too wide) in paragraph at lines 866--866
[]\OT1/cmr/bx/n/10 FK| 
 []


Underfull \hbox (badness 1057) in paragraph at lines 868--869
[]\OT1/cmr/m/n/10 Identificador ^^Suni-co
 []


LaTeX Warning: `h' float specifier changed to `ht'.


Overfull \hbox (2.64854pt too wide) in paragraph at lines 882--882
[]\OT1/cmr/bx/n/10 PK| 
 []


Overfull \hbox (2.02354pt too wide) in paragraph at lines 883--883
[]\OT1/cmr/bx/n/10 FK| 
 []


Underfull \hbox (badness 1057) in paragraph at lines 886--887
[]\OT1/cmr/m/n/10 Identificador ^^Suni-co
 []


Underfull \hbox (badness 10000) in paragraph at lines 890--891
[]\OT1/cmr/m/n/10 Identificador del
 []


Underfull \hbox (badness 3803) in paragraph at lines 892--893
[]\OT1/cmr/m/n/10 Fecha en que se
 []


LaTeX Warning: `h' float specifier changed to `ht'.


Overfull \hbox (2.64854pt too wide) in paragraph at lines 904--904
[]\OT1/cmr/bx/n/10 PK| 
 []


Overfull \hbox (2.02354pt too wide) in paragraph at lines 905--905
[]\OT1/cmr/bx/n/10 FK| 
 []


Underfull \hbox (badness 2495) in paragraph at lines 908--909
\OT1/cmr/m/n/10 mac^^Sen de des-tino
 []


LaTeX Warning: `h' float specifier changed to `ht'.


Overfull \hbox (2.64854pt too wide) in paragraph at lines 922--922
[]\OT1/cmr/bx/n/10 PK| 
 []


Overfull \hbox (2.02354pt too wide) in paragraph at lines 923--923
[]\OT1/cmr/bx/n/10 FK| 
 []


Underfull \hbox (badness 1496) in paragraph at lines 926--927
[]\OT1/cmr/m/n/10 Documento Na-cio-
 []


LaTeX Warning: `h' float specifier changed to `ht'.


Overfull \hbox (2.64854pt too wide) in paragraph at lines 941--941
[]\OT1/cmr/bx/n/10 PK| 
 []


Overfull \hbox (2.02354pt too wide) in paragraph at lines 941--941
[]\OT1/cmr/bx/n/10 FK| 
 []


Underfull \hbox (badness 1496) in paragraph at lines 943--944
[]\OT1/cmr/m/n/10 Documento Na-cio-
 []


LaTeX Warning: `h' float specifier changed to `ht'.


Overfull \hbox (2.64854pt too wide) in paragraph at lines 956--956
[]\OT1/cmr/bx/n/10 PK| 
 []


Overfull \hbox (2.02354pt too wide) in paragraph at lines 956--956
[]\OT1/cmr/bx/n/10 FK| 
 []


Underfull \hbox (badness 1496) in paragraph at lines 958--959
[]\OT1/cmr/m/n/10 Documento Na-cio-
 []


Underfull \hbox (badness 4266) in paragraph at lines 962--963
[]\OT1/cmr/m/n/10 Correo electr^^Soni-co
 []


Underfull \hbox (badness 10000) in paragraph at lines 962--963
\OT1/cmr/m/n/10 ins-ti-tu-cio-nal del
 []


LaTeX Warning: `h' float specifier changed to `ht'.


Overfull \hbox (2.64854pt too wide) in paragraph at lines 972--972
[]\OT1/cmr/bx/n/10 PK| 
 []


Overfull \hbox (2.02354pt too wide) in paragraph at lines 972--972
[]\OT1/cmr/bx/n/10 FK| 
 []


Underfull \hbox (badness 1496) in paragraph at lines 974--975
[]\OT1/cmr/m/n/10 Documento Na-cio-
 []


LaTeX Warning: `h' float specifier changed to `ht'.


Overfull \hbox (2.64854pt too wide) in paragraph at lines 984--984
[]\OT1/cmr/bx/n/10 PK| 
 []


Overfull \hbox (2.02354pt too wide) in paragraph at lines 984--984
[]\OT1/cmr/bx/n/10 FK| 
 []


Underfull \hbox (badness 1496) in paragraph at lines 986--987
[]\OT1/cmr/m/n/10 Documento Na-cio-
 []


Underfull \hbox (badness 10000) in paragraph at lines 988--989
[]\OT1/cmr/m/n/10 N^^Sume-ro del al-
 []


Underfull \hbox (badness 10000) in paragraph at lines 988--989
\OT1/cmr/m/n/10 mac^^Sen don-de
 []


LaTeX Warning: `h' float specifier changed to `ht'.


LaTeX Warning: `h' float specifier changed to `ht'.


LaTeX Warning: `h' float specifier changed to `ht'.


LaTeX Warning: `h' float specifier changed to `ht'.


LaTeX Warning: `h' float specifier changed to `ht'.


LaTeX Warning: `h' float specifier changed to `ht'.


LaTeX Warning: `h' float specifier changed to `ht'.


LaTeX Warning: `h' float specifier changed to `ht'.


Overfull \hbox (2.64854pt too wide) in paragraph at lines 1094--1094
[]\OT1/cmr/bx/n/10 PK| 
 []


Overfull \hbox (2.02354pt too wide) in paragraph at lines 1095--1095
[]\OT1/cmr/bx/n/10 FK| 
 []


Underfull \hbox (badness 1057) in paragraph at lines 1098--1099
[]\OT1/cmr/m/n/10 Identificador ^^Suni-co
 []


Underfull \hbox (badness 1057) in paragraph at lines 1100--1101
[]\OT1/cmr/m/n/10 Identificador ^^Suni-co
 []


Underfull \hbox (badness 3219) in paragraph at lines 1102--1103
[]\OT1/cmr/m/n/10 Cantidad de pro-
 []


Underfull \hbox (badness 5161) in paragraph at lines 1102--1103
\OT1/cmr/m/n/10 duc-tos en el al-
 []


LaTeX Warning: `h' float specifier changed to `ht'.


Overfull \hbox (2.64854pt too wide) in paragraph at lines 1114--1114
[]\OT1/cmr/bx/n/10 PK| 
 []


Overfull \hbox (2.02354pt too wide) in paragraph at lines 1115--1115
[]\OT1/cmr/bx/n/10 FK| 
 []


Overfull \hbox (7.37656pt too wide) in paragraph at lines 1118--1118
[]\OT1/cmr/m/n/10 varchar(40)| 
 []


Underfull \hbox (badness 1281) in paragraph at lines 1118--1119
[]\OT1/cmr/m/n/10 Nombre del fa-bri-
 []


Underfull \hbox (badness 1496) in paragraph at lines 1120--1121
[]\OT1/cmr/m/n/10 Documento Na-cio-
 []


Underfull \hbox (badness 3803) in paragraph at lines 1122--1123
[]\OT1/cmr/m/n/10 Fecha en que se
 []


LaTeX Warning: `h' float specifier changed to `ht'.


Overfull \hbox (2.64854pt too wide) in paragraph at lines 1134--1134
[]\OT1/cmr/bx/n/10 PK| 
 []


Overfull \hbox (2.02354pt too wide) in paragraph at lines 1135--1135
[]\OT1/cmr/bx/n/10 FK| 
 []


Underfull \hbox (badness 1057) in paragraph at lines 1138--1139
[]\OT1/cmr/m/n/10 Identificador ^^Suni-co
 []


Underfull \hbox (badness 1057) in paragraph at lines 1140--1141
[]\OT1/cmr/m/n/10 Identificador ^^Suni-co
 []


Underfull \hbox (badness 4954) in paragraph at lines 1140--1141
\OT1/cmr/m/n/10 per-te-ne-ce el pro-
 []


Underfull \hbox (badness 10000) in paragraph at lines 1142--1143
[]\OT1/cmr/m/n/10 N^^Sume-ro iden-ti-fi-
 []


Underfull \hbox (badness 1057) in paragraph at lines 1144--1145
[]\OT1/cmr/m/n/10 Identificador ^^Suni-co
 []


Underfull \hbox (badness 3219) in paragraph at lines 1146--1147
[]\OT1/cmr/m/n/10 Cantidad de pro-
 []


LaTeX Warning: `h' float specifier changed to `ht'.


Overfull \hbox (2.64854pt too wide) in paragraph at lines 1159--1159
[]\OT1/cmr/bx/n/10 PK| 
 []


Overfull \hbox (2.02354pt too wide) in paragraph at lines 1160--1160
[]\OT1/cmr/bx/n/10 FK| 
 []


Underfull \hbox (badness 1496) in paragraph at lines 1163--1164
[]\OT1/cmr/m/n/10 Documento Na-cio-
 []


Underfull \hbox (badness 3635) in paragraph at lines 1163--1164
\OT1/cmr/m/n/10 ins-pec-tor en-car-ga-
 []


Underfull \hbox (badness 3803) in paragraph at lines 1167--1168
[]\OT1/cmr/m/n/10 Fecha en que se
 []


LaTeX Warning: `h' float specifier changed to `ht'.


Overfull \hbox (2.64854pt too wide) in paragraph at lines 1179--1179
[]\OT1/cmr/bx/n/10 PK| 
 []


Overfull \hbox (2.02354pt too wide) in paragraph at lines 1180--1180
[]\OT1/cmr/bx/n/10 FK| 
 []


Underfull \hbox (badness 1057) in paragraph at lines 1183--1184
[]\OT1/cmr/m/n/10 Identificador ^^Suni-co
 []


Underfull \hbox (badness 4291) in paragraph at lines 1185--1186
\OT1/cmr/m/n/10 de ori-gen del re
 []


Underfull \hbox (badness 1057) in paragraph at lines 1187--1188
[]\OT1/cmr/m/n/10 Identificador ^^Suni-co
 []


Underfull \hbox (badness 1496) in paragraph at lines 1189--1190
[]\OT1/cmr/m/n/10 Documento Na-cio-
 []


Underfull \hbox (badness 6910) in paragraph at lines 1189--1190
\OT1/cmr/m/n/10 nal de Iden-ti-dad
 []


Underfull \hbox (badness 10000) in paragraph at lines 1189--1190
\OT1/cmr/m/n/10 del trans-por-tis-ta
 []


LaTeX Warning: `h' float specifier changed to `ht'.


Overfull \hbox (2.64854pt too wide) in paragraph at lines 1201--1201
[]\OT1/cmr/bx/n/10 PK| 
 []


Overfull \hbox (2.02354pt too wide) in paragraph at lines 1202--1202
[]\OT1/cmr/bx/n/10 FK| 
 []


Underfull \hbox (badness 1496) in paragraph at lines 1209--1210
[]\OT1/cmr/m/n/10 Documento Na-cio-
 []


Underfull \hbox (badness 6910) in paragraph at lines 1209--1210
\OT1/cmr/m/n/10 nal de Iden-ti-dad
 []


Underfull \hbox (badness 10000) in paragraph at lines 1209--1210
\OT1/cmr/m/n/10 del trans-por-tis-ta
 []


LaTeX Warning: `h' float specifier changed to `ht'.

[14] [15] [16] [17] [18] [19] [20]
Cap\'{\i }tulo 4.
[21

]
Cap\'{\i }tulo 5.
<./images/DER.png, id=408, 4035.075pt x 2868.7175pt>
File: ./images/DER.png Graphic file (type png)
<use ./images/DER.png>
Package pdftex.def Info: ./images/DER.png  used on input line 1225.
(pdftex.def)             Requested size: 452.96826pt x 321.99454pt.

Overfull \hbox (35.56593pt too wide) in paragraph at lines 1225--1226
[][] 
 []

[22

 <./images/DER.png>] (./main.aux (./caratula.aux)
LaTeX Info: Redefining \. on input line 26.
LaTeX Info: Redefining \% on input line 26.
)
Package rerunfilecheck Info: File `main.out' has not changed.
(rerunfilecheck)             Checksum: EFC2954406B2550E08E7CE6E5EDD7152;6525.
 ) 
Here is how much of TeX's memory you used:
 14259 strings out of 478268
 220010 string characters out of 5846348
 704052 words of memory out of 5000000
 32089 multiletter control sequences out of 15000+600000
 478063 words of font info for 62 fonts, out of 8000000 for 9000
 1141 hyphenation exceptions out of 8191
 68i,11n,77p,586b,1762s stack positions out of 10000i,1000n,20000p,200000b,200000s
{/usr/local/texlive/2022/texmf-dist/fonts/enc/dvips/cm-super/cm-super-ts1.enc}</usr/local/texlive/2022/texmf-dist/fonts/type1/public/amsfonts/cm/cmbx10.pfb></usr/local/texlive/2022/texmf-dist/fonts/type1/public/amsfonts/cm/cmbx12.pfb></usr/local/texlive/2022/texmf-dist/fonts/type1/public/amsfonts/cm/cmr10.pfb></usr/local/texlive/2022/texmf-dist/fonts/type1/public/amsfonts/cm/cmr12.pfb></usr/local/texlive/2022/texmf-dist/fonts/type1/public/amsfonts/cm/cmr17.pfb></usr/local/texlive/2022/texmf-dist/fonts/type1/public/cm-super/sfrm1000.pfb>
Output written on main.pdf (23 pages, 636929 bytes).
PDF statistics:
 486 PDF objects out of 1000 (max. 8388607)
 442 compressed objects within 5 object streams
 195 named destinations out of 1000 (max. 500000)
 270 words of extra memory for PDF output out of 10000 (max. 10000000)

