\BOOKMARK [0][-]{chapter.2}{\376\377\000R\000e\000q\000u\000i\000s\000i\000t\000o\000s}{}% 1
\BOOKMARK [1][-]{section.3}{\376\377\000I\000n\000t\000r\000o\000d\000u\000c\000c\000i\000\363\000n}{chapter.2}% 2
\BOOKMARK [1][-]{section.4}{\376\377\000D\000e\000s\000c\000r\000i\000p\000c\000i\000\363\000n\000\040\000g\000e\000n\000e\000r\000a\000l\000\040\000d\000e\000l\000\040\000p\000r\000o\000b\000l\000e\000m\000a\000/\000o\000r\000g\000a\000n\000i\000z\000a\000c\000i\000\363\000n\000/\000e\000m\000p\000r\000e\000s\000a}{chapter.2}% 3
\BOOKMARK [1][-]{section.5}{\376\377\000N\000e\000c\000e\000s\000i\000d\000a\000d\000/\000u\000s\000o\000s\000\040\000d\000e\000\040\000l\000a\000\040\000b\000a\000s\000e\000\040\000d\000e\000\040\000d\000a\000t\000o\000s}{chapter.2}% 4
\BOOKMARK [1][-]{section.6}{\376\377\000\277\000C\000\363\000m\000o\000\040\000r\000e\000s\000u\000e\000l\000v\000a\000\040\000e\000l\000\040\000p\000r\000o\000b\000l\000e\000m\000a\000\040\000h\000o\000y\000?}{chapter.2}% 5
\BOOKMARK [2][-]{subsection.7}{\376\377\000\277\000C\000\363\000m\000o\000\040\000s\000e\000\040\000a\000l\000m\000a\000c\000e\000n\000a\000n\000/\000p\000r\000o\000c\000e\000s\000a\000n\000\040\000l\000o\000s\000\040\000d\000a\000t\000o\000s\000\040\000h\000o\000y\000?}{section.6}% 6
\BOOKMARK [2][-]{subsection.8}{\376\377\000F\000l\000u\000j\000o\000\040\000d\000e\000\040\000d\000a\000t\000o\000s}{section.6}% 7
\BOOKMARK [1][-]{section.9}{\376\377\000D\000e\000s\000c\000r\000i\000p\000c\000i\000\363\000n\000\040\000d\000e\000t\000a\000l\000l\000a\000d\000a\000\040\000d\000e\000l\000\040\000s\000i\000s\000t\000e\000m\000a}{chapter.2}% 8
\BOOKMARK [2][-]{subsection.10}{\376\377\000O\000b\000j\000e\000t\000o\000s\000\040\000d\000e\000\040\000i\000n\000f\000o\000r\000m\000a\000c\000i\000\363\000n\000\040\000a\000c\000t\000u\000a\000l\000e\000s\000\040}{section.9}% 9
\BOOKMARK [2][-]{subsection.11}{\376\377\000C\000a\000r\000a\000c\000t\000e\000r\000\355\000s\000t\000i\000c\000a\000s\000\040\000y\000\040\000f\000u\000n\000c\000i\000o\000n\000a\000l\000i\000d\000a\000d\000e\000s\000\040\000e\000s\000p\000e\000r\000a\000d\000a\000s}{section.9}% 10
\BOOKMARK [2][-]{subsection.12}{\376\377\000T\000i\000p\000o\000s\000\040\000d\000e\000\040\000u\000s\000u\000a\000r\000i\000o\000s\000\040\000e\000x\000i\000s\000t\000e\000n\000t\000e\000s\000/\000n\000e\000c\000e\000s\000a\000r\000i\000o\000s}{section.9}% 11
\BOOKMARK [2][-]{subsection.13}{\376\377\000T\000i\000p\000o\000s\000\040\000d\000e\000\040\000c\000o\000n\000s\000u\000l\000t\000a\000,\000\040\000a\000c\000t\000u\000a\000l\000i\000z\000a\000c\000i\000o\000n\000e\000s\000\040}{section.9}% 12
\BOOKMARK [2][-]{subsection.14}{\376\377\000T\000a\000m\000a\000\361\000o\000\040\000e\000s\000t\000i\000m\000a\000d\000o\000\040\000d\000e\000\040\000l\000a\000\040\000b\000a\000s\000e\000\040\000d\000e\000\040\000d\000a\000t\000o\000s}{section.9}% 13
\BOOKMARK [1][-]{section.17}{\376\377\000O\000b\000j\000e\000t\000i\000v\000o\000s\000\040\000d\000e\000l\000\040\000p\000r\000o\000y\000e\000c\000t\000o}{chapter.2}% 14
\BOOKMARK [1][-]{section.18}{\376\377\000R\000e\000f\000e\000r\000e\000n\000c\000i\000a\000s\000\040\000d\000e\000l\000\040\000p\000r\000o\000y\000e\000c\000t\000o}{chapter.2}% 15
\BOOKMARK [1][-]{section.19}{\376\377\000E\000v\000e\000n\000t\000u\000a\000l\000i\000d\000a\000d\000e\000s}{chapter.2}% 16
\BOOKMARK [2][-]{subsection.20}{\376\377\000P\000r\000o\000b\000l\000e\000m\000a\000s\000\040\000q\000u\000e\000\040\000p\000u\000d\000i\000e\000r\000a\000n\000\040\000e\000n\000c\000o\000n\000t\000r\000a\000r\000s\000e\000\040\000e\000n\000\040\000e\000l\000\040\000p\000r\000o\000y\000e\000c\000t\000o}{section.19}% 17
\BOOKMARK [2][-]{subsection.21}{\376\377\000L\000\355\000m\000i\000t\000e\000s\000\040\000y\000\040\000a\000l\000c\000a\000n\000c\000e\000s\000\040\000d\000e\000l\000\040\000p\000r\000o\000y\000e\000c\000t\000o}{section.19}% 18
\BOOKMARK [0][-]{chapter.22}{\376\377\000M\000o\000d\000e\000l\000o\000\040\000E\000n\000t\000i\000d\000a\000d\000-\000R\000e\000l\000a\000c\000i\000\363\000n}{}% 19
\BOOKMARK [1][-]{section.23}{\376\377\000R\000e\000g\000l\000a\000s\000\040\000s\000e\000m\000\341\000n\000t\000i\000c\000a\000s}{chapter.22}% 20
\BOOKMARK [1][-]{section.24}{\376\377\000M\000o\000d\000e\000l\000o\000\040\000E\000n\000t\000i\000d\000a\000d\000-\000R\000e\000l\000a\000c\000i\000\363\000n}{chapter.22}% 21
\BOOKMARK [1][-]{section.25}{\376\377\000E\000s\000p\000e\000c\000i\000f\000i\000c\000a\000c\000i\000o\000n\000e\000s\000\040\000y\000\040\000c\000o\000n\000s\000i\000d\000e\000r\000a\000c\000i\000o\000n\000e\000s\000\040\000s\000o\000b\000r\000e\000\040\000e\000l\000\040\000m\000o\000d\000e\000l\000o}{chapter.22}% 22
\BOOKMARK [0][-]{chapter.47}{\376\377\000M\000o\000d\000e\000l\000o\000\040\000R\000e\000l\000a\000c\000i\000o\000n\000a\000l}{}% 23
\BOOKMARK [1][-]{section.48}{\376\377\000M\000o\000d\000e\000l\000o\000\040\000R\000e\000l\000a\000c\000i\000o\000n\000a\000l}{chapter.47}% 24
\BOOKMARK [1][-]{section.132}{\376\377\000E\000s\000p\000e\000c\000i\000f\000i\000c\000a\000c\000i\000o\000n\000e\000s\000\040\000d\000e\000\040\000t\000r\000a\000n\000s\000f\000o\000r\000m\000a\000c\000i\000\363\000n}{chapter.47}% 25
\BOOKMARK [2][-]{subsection.133}{\376\377\000E\000n\000t\000i\000d\000a\000d\000e\000s}{section.132}% 26
\BOOKMARK [2][-]{subsection.134}{\376\377\000E\000n\000t\000i\000d\000a\000d\000e\000s\000\040\000d\000\351\000b\000i\000l\000e\000s}{section.132}% 27
\BOOKMARK [2][-]{subsection.135}{\376\377\000E\000n\000t\000i\000d\000a\000d\000e\000s\000\040\000s\000u\000p\000e\000r\000c\000l\000a\000s\000e\000/\000s\000u\000b\000c\000l\000a\000s\000e\000s}{section.132}% 28
\BOOKMARK [2][-]{subsection.136}{\376\377\000R\000e\000l\000a\000c\000i\000o\000n\000e\000s\000\040\000b\000i\000n\000a\000r\000i\000a\000s}{section.132}% 29
\BOOKMARK [2][-]{subsection.137}{\376\377\000R\000e\000l\000a\000c\000i\000o\000n\000e\000s\000\040\000t\000e\000r\000n\000a\000r\000i\000a\000s}{section.132}% 30
\BOOKMARK [1][-]{section.138}{\376\377\000D\000i\000c\000c\000i\000o\000n\000a\000r\000i\000o\000\040\000d\000e\000\040\000d\000a\000t\000o\000s}{chapter.47}% 31
\BOOKMARK [0][-]{chapter.170}{\376\377\000I\000m\000p\000l\000e\000m\000e\000n\000t\000a\000c\000i\000\363\000n\000\040\000d\000e\000\040\000l\000a\000\040\000b\000a\000s\000e\000\040\000d\000e\000\040\000d\000a\000t\000o\000s}{}% 32
\BOOKMARK [0][-]{chapter.171}{\376\377\000A\000N\000E\000X\000O\000S}{}% 33
